Nothing to build in platform 'rsa_project_wrapper'

14:10:08 **** Incremental Build of configuration Debug for project sw_design ****
make all 
make[1]: Entering directory '/users/students/r0792566/Documents/DDP/SW_package/sw_project/project_sw/sw_design/Debug'
make --no-print-directory pre-build
a9-linaro-pre-build-step
 
make --no-print-directory main-build
Building file: ../src/montgomery.c
Invoking: ARM v7 gcc compiler
arm-none-eabi-gcc -Wall -O0 -g3 -c -fmessage-length=0 -MT"src/montgomery.o" -mcpu=cortex-a9 -mfpu=vfpv3 -mfloat-abi=hard -I/users/students/r0792566/Documents/DDP/SW_package/sw_project/project_sw/rsa_project_wrapper/export/rsa_project_wrapper/sw/rsa_project_wrapper/standalone_domain/bspinclude/include -MMD -MP -MF"src/montgomery.d" -MT"src/montgomery.o" -o "src/montgomery.o" "../src/montgomery.c"
../src/montgomery.c: In function 'SUB_COND':
../src/montgomery.c:17:25: warning: implicit declaration of function 'mp_sub' [-Wimplicit-function-declaration]
   17 |                         mp_sub(u,n,res,size);
      |                         ^~~~~~
../src/montgomery.c:18:32: warning: 'return' with a value, in function returning void [-Wreturn-type]
   18 |                         return 0;
      |                                ^
../src/montgomery.c:12:6: note: declared here
   12 | void SUB_COND(uint32_t *u, uint32_t *n, uint32_t *res, uint32_t size)
      |      ^~~~~~~~
../src/montgomery.c:26:32: warning: 'return' with a value, in function returning void [-Wreturn-type]
   26 |                         return 0;
      |                                ^
../src/montgomery.c:12:6: note: declared here
   12 | void SUB_COND(uint32_t *u, uint32_t *n, uint32_t *res, uint32_t size)
      |      ^~~~~~~~
../src/montgomery.c: In function 'montMul':
../src/montgomery.c:92:25: warning: implicit declaration of function 'customp' [-Wimplicit-function-declaration]
   92 |                         customp(t);
      |                         ^~~~~~~
../src/montgomery.c: In function 'montMulOpt':
../src/montgomery.c:111:17: warning: implicit declaration of function 'opt1' [-Wimplicit-function-declaration]
  111 |                 opt1(i, t, a, b, size);
      |                 ^~~~
../src/montgomery.c:115:17: warning: implicit declaration of function 'opt2' [-Wimplicit-function-declaration]
  115 |                 opt2(t, n, n_prime, size);
      |                 ^~~~
../src/montgomery.c:117:17: warning: implicit declaration of function 'opt3' [-Wimplicit-function-declaration]
  117 |                 opt3(i, t, a, b, size);
      |                 ^~~~
Finished building: ../src/montgomery.c
 
Building target: sw_design.elf
Invoking: ARM v7 gcc linker
arm-none-eabi-gcc -mcpu=cortex-a9 -mfpu=vfpv3 -mfloat-abi=hard -Wl,-build-id=none -specs=Xilinx.spec -Wl,-T -Wl,../src/lscript.ld -L/users/students/r0792566/Documents/DDP/SW_package/sw_project/project_sw/rsa_project_wrapper/export/rsa_project_wrapper/sw/rsa_project_wrapper/standalone_domain/bsplib/lib -o "sw_design.elf"  ./src/platform/interface.o ./src/platform/platform.o  ./src/asm_func.o ./src/main.o ./src/montgomery.o ./src/mp_arith.o ./src/testvector.o ./src/warmup.o   -Wl,--start-group,-lxil,-lgcc,-lc,--end-group
Finished building target: sw_design.elf
 
Invoking: ARM v7 Print Size
arm-none-eabi-size sw_design.elf  |tee "sw_design.elf.size"
   text	   data	    bss	    dec	    hex	filename
  71663	   3328	  22648	  97639	  17d67	sw_design.elf
Finished building: sw_design.elf.size
 
make[1]: Leaving directory '/users/students/r0792566/Documents/DDP/SW_package/sw_project/project_sw/sw_design/Debug'
14:10:09 **** Incremental Build of configuration Debug for project sw_design_system ****
make all 
make[1]: Entering directory '/users/students/r0792566/Documents/DDP/SW_package/sw_project/project_sw/sw_design_system/Debug'
Generating bif file for the system project
Executing command '::scw::generate_bif -xpfm /users/students/r0792566/Documents/DDP/SW_package/sw_project/project_sw/rsa_project_wrapper/export/rsa_project_wrapper/rsa_project_wrapper.xpfm -domains standalone_domain -bifpath /users/students/r0792566/Documents/DDP/SW_package/sw_project/project_sw/sw_design_system/Debug/system.bif' on XSCT
sdcard_gen --xpfm /users/students/r0792566/Documents/DDP/SW_package/sw_project/project_sw/rsa_project_wrapper/export/rsa_project_wrapper/rsa_project_wrapper.xpfm --sys_config rsa_project_wrapper --bif /users/students/r0792566/Documents/DDP/SW_package/sw_project/project_sw/sw_design_system/Debug/system.bif --bitstream /users/students/r0792566/Documents/DDP/SW_package/sw_project/project_sw/sw_design/_ide/bitstream/rsa_project_wrapper.bit --elf /users/students/r0792566/Documents/DDP/SW_package/sw_project/project_sw/sw_design/Debug/sw_design.elf,ps7_cortexa9_0
creating BOOT.BIN using /users/students/r0792566/Documents/DDP/SW_package/sw_project/project_sw/sw_design/_ide/bitstream/rsa_project_wrapper.bit
Running /esat/micas-data/software/Xilinx/vitis_2023.1/Vitis/2023.1/bin/bootgen  -image /users/students/r0792566/Documents/DDP/SW_package/sw_project/project_sw/sw_design_system/Debug/sd_card_temp/boot.bif -w -o i BOOT.BIN
make[1]: Leaving directory '/users/students/r0792566/Documents/DDP/SW_package/sw_project/project_sw/sw_design_system/Debug'
